<?xml version="1.0" encoding="UTF-8"?>
<!-- Generated by org.testng.reporters.JUnitXMLReporter -->
<testsuite ignored="0" hostname="LAPTOP-J5O1NVOR" failures="0" tests="3" name="Default test" time="6.964" errors="0" timestamp="2026-03-12T20:20:12 SAST">
  <testcase classname="test.DynamicJson" name="addBook" time="4.804"/>
  <testcase classname="test.DynamicJson" name="addBook" time="1.058"/>
  <testcase classname="test.DynamicJson" name="addBook" time="1.023"/>
</testsuite> <!-- Default test -->
