<?xml version="1.0" encoding="UTF-8"?>
<testng-results ignored="0" total="1" passed="1" failed="0" skipped="0">
  <reporter-output>
  </reporter-output>
  <suite started-at="2026-03-03T17:09:15 SAST" name="Default suite" finished-at="2026-03-03T17:09:17 SAST" duration-ms="1100">
    <groups>
    </groups>
    <test started-at="2026-03-03T17:09:15 SAST" name="Default test" finished-at="2026-03-03T17:09:17 SAST" duration-ms="1100">
      <class name="test.SumValidation">
        <test-method signature="sumOfCourses()[pri:0, instance:test.SumValidation@f6efaab]" started-at="2026-03-03T17:09:15 SAST" name="sumOfCourses" finished-at="2026-03-03T17:09:17 SAST" duration-ms="1060" status="PASS">
          <reporter-output>
          </reporter-output>
        </test-method> <!-- sumOfCourses -->
      </class> <!-- test.SumValidation -->
    </test> <!-- Default test -->
  </suite> <!-- Default suite -->
</testng-results>
