<?xml version="1.0" encoding="UTF-8"?>
<testng-results ignored="0" total="3" passed="3" failed="0" skipped="0">
  <reporter-output>
  </reporter-output>
  <suite started-at="2026-03-12T20:20:05 SAST" name="Default suite" finished-at="2026-03-12T20:20:12 SAST" duration-ms="6964">
    <groups>
    </groups>
    <test started-at="2026-03-12T20:20:05 SAST" name="Default test" finished-at="2026-03-12T20:20:12 SAST" duration-ms="6964">
      <class name="test.DynamicJson">
        <test-method signature="addBook(java.lang.String,java.lang.String)[pri:0, instance:test.DynamicJson@47eaca72]" started-at="2026-03-12T20:20:05 SAST" name="addBook" data-provider="BooksData" finished-at="2026-03-12T20:20:10 SAST" duration-ms="4804" status="PASS">
          <params>
            <param index="0">
              <value>
                <![CDATA[ojfwty]]>
              </value>
            </param>
            <param index="1">
              <value>
                <![CDATA[9363]]>
              </value>
            </param>
          </params>
          <reporter-output>
          </reporter-output>
        </test-method> <!-- addBook -->
        <test-method signature="addBook(java.lang.String,java.lang.String)[pri:0, instance:test.DynamicJson@47eaca72]" started-at="2026-03-12T20:20:10 SAST" name="addBook" data-provider="BooksData" finished-at="2026-03-12T20:20:11 SAST" duration-ms="1058" status="PASS">
          <params>
            <param index="0">
              <value>
                <![CDATA[cwetee]]>
              </value>
            </param>
            <param index="1">
              <value>
                <![CDATA[4253]]>
              </value>
            </param>
          </params>
          <reporter-output>
          </reporter-output>
        </test-method> <!-- addBook -->
        <test-method signature="addBook(java.lang.String,java.lang.String)[pri:0, instance:test.DynamicJson@47eaca72]" started-at="2026-03-12T20:20:11 SAST" name="addBook" data-provider="BooksData" finished-at="2026-03-12T20:20:12 SAST" duration-ms="1023" status="PASS">
          <params>
            <param index="0">
              <value>
                <![CDATA[ckmfet]]>
              </value>
            </param>
            <param index="1">
              <value>
                <![CDATA[533]]>
              </value>
            </param>
          </params>
          <reporter-output>
          </reporter-output>
        </test-method> <!-- addBook -->
      </class> <!-- test.DynamicJson -->
    </test> <!-- Default test -->
  </suite> <!-- Default suite -->
</testng-results>
