<?xml version="1.0" encoding="UTF-8"?>
<!-- Generated by org.testng.reporters.JUnitReportReporter -->
<testsuite hostname="LAPTOP-J5O1NVOR" failures="0" tests="3" name="test.DynamicJson" time="6.885" errors="0" timestamp="2026-03-12T20:20:12 SAST" skipped="0">
  <testcase classname="test.DynamicJson" name="addBook" time="1.058"/>
  <testcase classname="test.DynamicJson" name="addBook" time="1.023"/>
  <testcase classname="test.DynamicJson" name="addBook" time="4.804"/>
</testsuite> <!-- test.DynamicJson -->
